0 info it worked if it ends with ok
1 verbose cli [ 'C:\\Program Files\\nodejs\\node.exe',
1 verbose cli   'C:\\Program Files\\nodejs\\node_modules\\npm\\bin\\npm-cli.js',
1 verbose cli   'run',
1 verbose cli   'lint:fix' ]
2 info using npm@3.10.10
3 info using node@v6.11.0
4 verbose run-script [ 'prelint:fix', 'lint:fix', 'postlint:fix' ]
5 info lifecycle youtube_client@1.0.0~prelint:fix: youtube_client@1.0.0
6 silly lifecycle youtube_client@1.0.0~prelint:fix: no script for prelint:fix, continuing
7 info lifecycle youtube_client@1.0.0~lint:fix: youtube_client@1.0.0
8 verbose lifecycle youtube_client@1.0.0~lint:fix: unsafe-perm in lifecycle true
9 verbose lifecycle youtube_client@1.0.0~lint:fix: PATH: C:\Program Files\nodejs\node_modules\npm\bin\node-gyp-bin;C:\Users\PatrykNizio\Desktop\Nauka\youtube_client\node_modules\.bin;C:\ProgramData\Oracle\Java\javapath;C:\windows\system32;C:\windows;C:\windows\System32\Wbem;C:\windows\System32\WindowsPowerShell\v1.0\;C:\Program Files\nodejs\;C:\Program Files\Git\cmd;C:\Program Files\PuTTY\;C:\Users\PatrykNizio\AppData\Local\Programs\Python\Python36-32\Scripts\;C:\Users\PatrykNizio\AppData\Local\Programs\Python\Python36-32\;C:\Users\PatrykNizio\AppData\Local\Microsoft\WindowsApps;C:\ProgramData\PatrykNizio\atom\bin;C:\Users\PatrykNizio\AppData\Roaming\npm
10 verbose lifecycle youtube_client@1.0.0~lint:fix: CWD: C:\Users\PatrykNizio\Desktop\Nauka\youtube_client
11 silly lifecycle youtube_client@1.0.0~lint:fix: Args: [ '/d /s /c', 'eslint --fix --cache src/**/*.js' ]
12 silly lifecycle youtube_client@1.0.0~lint:fix: Returned: code: 1  signal: null
13 info lifecycle youtube_client@1.0.0~lint:fix: Failed to exec lint:fix script
14 verbose stack Error: youtube_client@1.0.0 lint:fix: `eslint --fix --cache src/**/*.js`
14 verbose stack Exit status 1
14 verbose stack     at EventEmitter.<anonymous> (C:\Program Files\nodejs\node_modules\npm\lib\utils\lifecycle.js:255:16)
14 verbose stack     at emitTwo (events.js:106:13)
14 verbose stack     at EventEmitter.emit (events.js:191:7)
14 verbose stack     at ChildProcess.<anonymous> (C:\Program Files\nodejs\node_modules\npm\lib\utils\spawn.js:40:14)
14 verbose stack     at emitTwo (events.js:106:13)
14 verbose stack     at ChildProcess.emit (events.js:191:7)
14 verbose stack     at maybeClose (internal/child_process.js:891:16)
14 verbose stack     at Process.ChildProcess._handle.onexit (internal/child_process.js:226:5)
15 verbose pkgid youtube_client@1.0.0
16 verbose cwd C:\Users\PatrykNizio\Desktop\Nauka\youtube_client
17 error Windows_NT 10.0.14393
18 error argv "C:\\Program Files\\nodejs\\node.exe" "C:\\Program Files\\nodejs\\node_modules\\npm\\bin\\npm-cli.js" "run" "lint:fix"
19 error node v6.11.0
20 error npm  v3.10.10
21 error code ELIFECYCLE
22 error youtube_client@1.0.0 lint:fix: `eslint --fix --cache src/**/*.js`
22 error Exit status 1
23 error Failed at the youtube_client@1.0.0 lint:fix script 'eslint --fix --cache src/**/*.js'.
23 error Make sure you have the latest version of node.js and npm installed.
23 error If you do, this is most likely a problem with the youtube_client package,
23 error not with npm itself.
23 error Tell the author that this fails on your system:
23 error     eslint --fix --cache src/**/*.js
23 error You can get information on how to open an issue for this project with:
23 error     npm bugs youtube_client
23 error Or if that isn't available, you can get their info via:
23 error     npm owner ls youtube_client
23 error There is likely additional logging output above.
24 verbose exit [ 1, true ]
